C:\USERS\JESUSKIM\DESKTOP\3DMODELPARSER\MD5PARSER V6 최적화3\DEBUG\D3D9GAME.EXE
C:\USERS\JESUSKIM\DESKTOP\3DMODELPARSER\MD5PARSER V6 최적화3\DEBUG\D3D9GAME.EXE.EMBED.MANIFEST.RES
C:\USERS\JESUSKIM\DESKTOP\3DMODELPARSER\MD5PARSER V6 최적화3\DEBUG\D3D9GAME.EXE.INTERMEDIATE.MANIFEST
C:\USERS\JESUSKIM\DESKTOP\3DMODELPARSER\MD5PARSER V6 최적화3\DEBUG\D3D9GAME.ILK
C:\USERS\JESUSKIM\DESKTOP\3DMODELPARSER\MD5PARSER V6 최적화3\DEBUG\D3D9GAME.PDB
C:\USERS\JESUSKIM\DESKTOP\3DMODELPARSER\MD5PARSER V6 최적화3\DEBUG\MAIN.OBJ
C:\USERS\JESUSKIM\DESKTOP\3DMODELPARSER\MD5PARSER V6 최적화3\DEBUG\MODELMD5.OBJ
C:\USERS\JESUSKIM\DESKTOP\3DMODELPARSER\MD5PARSER V6 최적화3\DEBUG\VC100.PDB
C:\USERS\JESUSKIM\DESKTOP\3DMODELPARSER\MD5PARSER V7 신구 호환\DEBUG\D3D9GAME.EXE
C:\USERS\JESUSKIM\DESKTOP\3DMODELPARSER\MD5PARSER V7 신구 호환\DEBUG\D3D9GAME.EXE.EMBED.MANIFEST
C:\USERS\JESUSKIM\DESKTOP\3DMODELPARSER\MD5PARSER V7 신구 호환\DEBUG\D3D9GAME.EXE.EMBED.MANIFEST.RES
C:\USERS\JESUSKIM\DESKTOP\3DMODELPARSER\MD5PARSER V7 신구 호환\DEBUG\D3D9GAME.EXE.INTERMEDIATE.MANIFEST
C:\USERS\JESUSKIM\DESKTOP\3DMODELPARSER\MD5PARSER V7 신구 호환\DEBUG\D3D9GAME.ILK
C:\USERS\JESUSKIM\DESKTOP\3DMODELPARSER\MD5PARSER V7 신구 호환\DEBUG\D3D9GAME.PDB
C:\USERS\JESUSKIM\DESKTOP\3DMODELPARSER\MD5PARSER V7 신구 호환\DEBUG\MAIN.OBJ
C:\USERS\JESUSKIM\DESKTOP\3DMODELPARSER\MD5PARSER V7 신구 호환\DEBUG\MODELMD5.OBJ
C:\USERS\JESUSKIM\DESKTOP\3DMODELPARSER\MD5PARSER V7 신구 호환\DEBUG\VC100.PDB
C:\Users\JesusKim\Desktop\3DModelParser\MD5Parser v7 신구호환 애니메이션\Debug\cl.command.1.tlog
C:\Users\JesusKim\Desktop\3DModelParser\MD5Parser v7 신구호환 애니메이션\Debug\CL.read.1.tlog
C:\Users\JesusKim\Desktop\3DModelParser\MD5Parser v7 신구호환 애니메이션\Debug\CL.write.1.tlog
C:\USERS\JESUSKIM\DESKTOP\3DMODELPARSER\MD5PARSER V7 신구호환 애니메이션\DEBUG\D3D9GAME.EXE
C:\Users\JesusKim\Desktop\3DModelParser\MD5Parser v7 신구호환 애니메이션\Debug\D3D9Game.exe.embed.manifest
C:\USERS\JESUSKIM\DESKTOP\3DMODELPARSER\MD5PARSER V7 신구호환 애니메이션\DEBUG\D3D9GAME.EXE.EMBED.MANIFEST.RES
C:\USERS\JESUSKIM\DESKTOP\3DMODELPARSER\MD5PARSER V7 신구호환 애니메이션\DEBUG\D3D9GAME.EXE.INTERMEDIATE.MANIFEST
C:\USERS\JESUSKIM\DESKTOP\3DMODELPARSER\MD5PARSER V7 신구호환 애니메이션\DEBUG\D3D9GAME.ILK
C:\USERS\JESUSKIM\DESKTOP\3DMODELPARSER\MD5PARSER V7 신구호환 애니메이션\DEBUG\D3D9GAME.PDB
C:\Users\JesusKim\Desktop\3DModelParser\MD5Parser v7 신구호환 애니메이션\Debug\D3D9Game.vcxprojResolveAssemblyReference.cache
C:\Users\JesusKim\Desktop\3DModelParser\MD5Parser v7 신구호환 애니메이션\Debug\D3D9Game.write.1.tlog
C:\Users\JesusKim\Desktop\3DModelParser\MD5Parser v7 신구호환 애니메이션\Debug\D3D9Game_manifest.rc
C:\Users\JesusKim\Desktop\3DModelParser\MD5Parser v7 신구호환 애니메이션\Debug\link.213004.read.1.tlog
C:\Users\JesusKim\Desktop\3DModelParser\MD5Parser v7 신구호환 애니메이션\Debug\link.213004.write.1.tlog
C:\Users\JesusKim\Desktop\3DModelParser\MD5Parser v7 신구호환 애니메이션\Debug\link.213004-cvtres.read.1.tlog
C:\Users\JesusKim\Desktop\3DModelParser\MD5Parser v7 신구호환 애니메이션\Debug\link.213004-cvtres.write.1.tlog
C:\Users\JesusKim\Desktop\3DModelParser\MD5Parser v7 신구호환 애니메이션\Debug\link.248432.read.1.tlog
C:\Users\JesusKim\Desktop\3DModelParser\MD5Parser v7 신구호환 애니메이션\Debug\link.248432.write.1.tlog
C:\Users\JesusKim\Desktop\3DModelParser\MD5Parser v7 신구호환 애니메이션\Debug\link.248432-cvtres.read.1.tlog
C:\Users\JesusKim\Desktop\3DModelParser\MD5Parser v7 신구호환 애니메이션\Debug\link.248432-cvtres.write.1.tlog
C:\Users\JesusKim\Desktop\3DModelParser\MD5Parser v7 신구호환 애니메이션\Debug\link.35128.read.1.tlog
C:\Users\JesusKim\Desktop\3DModelParser\MD5Parser v7 신구호환 애니메이션\Debug\link.35128.write.1.tlog
C:\Users\JesusKim\Desktop\3DModelParser\MD5Parser v7 신구호환 애니메이션\Debug\link.35128-cvtres.read.1.tlog
C:\Users\JesusKim\Desktop\3DModelParser\MD5Parser v7 신구호환 애니메이션\Debug\link.35128-cvtres.write.1.tlog
C:\Users\JesusKim\Desktop\3DModelParser\MD5Parser v7 신구호환 애니메이션\Debug\link.command.1.tlog
C:\Users\JesusKim\Desktop\3DModelParser\MD5Parser v7 신구호환 애니메이션\Debug\link.read.1.tlog
C:\Users\JesusKim\Desktop\3DModelParser\MD5Parser v7 신구호환 애니메이션\Debug\link.write.1.tlog
C:\Users\JesusKim\Desktop\3DModelParser\MD5Parser v7 신구호환 애니메이션\Debug\link-cvtres.read.1.tlog
C:\Users\JesusKim\Desktop\3DModelParser\MD5Parser v7 신구호환 애니메이션\Debug\link-cvtres.write.1.tlog
C:\USERS\JESUSKIM\DESKTOP\3DMODELPARSER\MD5PARSER V7 신구호환 애니메이션\DEBUG\MAIN.OBJ
C:\USERS\JESUSKIM\DESKTOP\3DMODELPARSER\MD5PARSER V7 신구호환 애니메이션\DEBUG\MODELMD5.OBJ
C:\Users\JesusKim\Desktop\3DModelParser\MD5Parser v7 신구호환 애니메이션\Debug\mt.command.1.tlog
C:\Users\JesusKim\Desktop\3DModelParser\MD5Parser v7 신구호환 애니메이션\Debug\mt.read.1.tlog
C:\Users\JesusKim\Desktop\3DModelParser\MD5Parser v7 신구호환 애니메이션\Debug\mt.write.1.tlog
C:\Users\JesusKim\Desktop\3DModelParser\MD5Parser v7 신구호환 애니메이션\Debug\rc.command.1.tlog
C:\Users\JesusKim\Desktop\3DModelParser\MD5Parser v7 신구호환 애니메이션\Debug\rc.read.1.tlog
C:\Users\JesusKim\Desktop\3DModelParser\MD5Parser v7 신구호환 애니메이션\Debug\rc.write.1.tlog
C:\Users\JesusKim\Desktop\3DModelParser\MD5Parser v7 신구호환 애니메이션\Debug\vc100.idb
C:\USERS\JESUSKIM\DESKTOP\3DMODELPARSER\MD5PARSER V7 신구호환 애니메이션\DEBUG\VC100.PDB
C:\USERS\JESUSKIM\DESKTOP\3DMODELPARSER\MD5PARSER V7 신구호환\DEBUG\D3D9GAME.EXE
C:\USERS\JESUSKIM\DESKTOP\3DMODELPARSER\MD5PARSER V7 신구호환\DEBUG\D3D9GAME.EXE.EMBED.MANIFEST.RES
C:\USERS\JESUSKIM\DESKTOP\3DMODELPARSER\MD5PARSER V7 신구호환\DEBUG\D3D9GAME.EXE.INTERMEDIATE.MANIFEST
C:\USERS\JESUSKIM\DESKTOP\3DMODELPARSER\MD5PARSER V7 신구호환\DEBUG\D3D9GAME.ILK
C:\USERS\JESUSKIM\DESKTOP\3DMODELPARSER\MD5PARSER V7 신구호환\DEBUG\D3D9GAME.PDB
C:\USERS\JESUSKIM\DESKTOP\3DMODELPARSER\MD5PARSER V7 신구호환\DEBUG\MAIN.OBJ
C:\USERS\JESUSKIM\DESKTOP\3DMODELPARSER\MD5PARSER V7 신구호환\DEBUG\MODELMD5.OBJ
C:\USERS\JESUSKIM\DESKTOP\3DMODELPARSER\MD5PARSER V7 신구호환\DEBUG\VC100.PDB
Debug\D3D9Game.ilk
Debug\D3D9Game.pdb
